Launching lib/main.dart on 2412DPC0AG in debug mode...
Upgrading build.gradle.kts
Running Gradle task 'assembleDebug'...                          
e: file:///home/yusakru/Documents/projects/sistem-analiz-ve-tasar%C4%B1m%C4%B1/timeSync/timesync_flutter/android/app/build.gradle.kts:37:1: Unexpected symbol
e: file:///home/yusakru/Documents/projects/sistem-analiz-ve-tasar%C4%B1m%C4%B1/timeSync/timesync_flutter/android/app/build.gradle.kts:39:1: Unexpected symbol
e: file:///home/yusakru/Documents/projects/sistem-analiz-ve-tasar%C4%B1m%C4%B1/timeSync/timesync_flutter/android/app/build.gradle.kts:39:9: Unexpected symbol
e: file:///home/yusakru/Documents/projects/sistem-analiz-ve-tasar%C4%B1m%C4%B1/timeSync/timesync_flutter/android/app/build.gradle.kts:40:5: Unexpected symbol
e: file:///home/yusakru/Documents/projects/sistem-analiz-ve-tasar%C4%B1m%C4%B1/timeSync/timesync_flutter/android/app/build.gradle.kts:40:12: Unexpected symbol
e: file:///home/yusakru/Documents/projects/sistem-analiz-ve-tasar%C4%B1m%C4%B1/timeSync/timesync_flutter/android/app/build.gradle.kts:40:14: Unexpected symbol
e: file:///home/yusakru/Documents/projects/sistem-analiz-ve-tasar%C4%B1m%C4%B1/timeSync/timesync_flutter/android/app/build.gradle.kts:40:15: Unexpected symbol
e: file:///home/yusakru/Documents/projects/sistem-analiz-ve-tasar%C4%B1m%C4%B1/timeSync/timesync_flutter/android/app/build.gradle.kts:40:20: Unexpected symbol
e: file:///home/yusakru/Documents/projects/sistem-analiz-ve-tasar%C4%B1m%C4%B1/timeSync/timesync_flutter/android/app/build.gradle.kts:41:1: Unexpected symbol
e: file:///home/yusakru/Documents/projects/sistem-analiz-ve-tasar%C4%B1m%C4%B1/timeSync/timesync_flutter/android/app/build.gradle.kts:42:1: Unexpected symbol
e: file:///home/yusakru/Documents/projects/sistem-analiz-ve-tasar%C4%B1m%C4%B1/timeSync/timesync_flutter/android/app/build.gradle.kts:42:14: Unexpected symbol
e: file:///home/yusakru/Documents/projects/sistem-analiz-ve-tasar%C4%B1m%C4%B1/timeSync/timesync_flutter/android/app/build.gradle.kts:42:16: Unexpected symbol
e: file:///home/yusakru/Documents/projects/sistem-analiz-ve-tasar%C4%B1m%C4%B1/timeSync/timesync_flutter/android/app/build.gradle.kts:42:37: Unexpected symbol
e: file:///home/yusakru/Documents/projects/sistem-analiz-ve-tasar%C4%B1m%C4%B1/timeSync/timesync_flutter/android/app/build.gradle.kts:42:38: Unexpected symbol
e: file:///home/yusakru/Documents/projects/sistem-analiz-ve-tasar%C4%B1m%C4%B1/timeSync/timesync_flutter/android/app/build.gradle.kts:42:39: Unexpected symbol
e: file:///home/yusakru/Documents/projects/sistem-analiz-ve-tasar%C4%B1m%C4%B1/timeSync/timesync_flutter/android/app/build.gradle.kts:42:79: Unexpected symbol
e: file:///home/yusakru/Documents/projects/sistem-analiz-ve-tasar%C4%B1m%C4%B1/timeSync/timesync_flutter/android/app/build.gradle.kts:42:80: Unexpected symbol
e: file:///home/yusakru/Documents/projects/sistem-analiz-ve-tasar%C4%B1m%C4%B1/timeSync/timesync_flutter/android/app/build.gradle.kts:42:82: Unexpected symbol
e: file:///home/yusakru/Documents/projects/sistem-analiz-ve-tasar%C4%B1m%C4%B1/timeSync/timesync_flutter/android/app/build.gradle.kts:23:9: Unresolved reference: minSdk
e: file:///home/yusakru/Documents/projects/sistem-analiz-ve-tasar%C4%B1m%C4%B1/timeSync/timesync_flutter/android/app/build.gradle.kts:24:9: Unresolved reference: targetSdk
e: file:///home/yusakru/Documents/projects/sistem-analiz-ve-tasar%C4%B1m%C4%B1/timeSync/timesync_flutter/android/app/build.gradle.kts:25:9: Unresolved reference: versionCode
e: file:///home/yusakru/Documents/projects/sistem-analiz-ve-tasar%C4%B1m%C4%B1/timeSync/timesync_flutter/android/app/build.gradle.kts:26:9: Unresolved reference: versionName
e: file:///home/yusakru/Documents/projects/sistem-analiz-ve-tasar%C4%B1m%C4%B1/timeSync/timesync_flutter/android/app/build.gradle.kts:27:9: Unresolved reference: multiDexEnabled
e: file:///home/yusakru/Documents/projects/sistem-analiz-ve-tasar%C4%B1m%C4%B1/timeSync/timesync_flutter/android/app/build.gradle.kts:30:5: Unresolved reference: buildTypes
e: file:///home/yusakru/Documents/projects/sistem-analiz-ve-tasar%C4%B1m%C4%B1/timeSync/timesync_flutter/android/app/build.gradle.kts:31:9: Expression 'release' cannot be invoked as a function. The function 'invoke()' is not found
e: file:///home/yusakru/Documents/projects/sistem-analiz-ve-tasar%C4%B1m%C4%B1/timeSync/timesync_flutter/android/app/build.gradle.kts:31:9: Unresolved reference. None of the following candidates is applicable because of receiver type mismatch: 
public val NamedDomainObjectContainer<KotlinSourceSet>.release: NamedDomainObjectProvider<KotlinSourceSet> defined in org.gradle.kotlin.dsl
e: file:///home/yusakru/Documents/projects/sistem-analiz-ve-tasar%C4%B1m%C4%B1/timeSync/timesync_flutter/android/app/build.gradle.kts:34:13: Unresolved reference: signingConfig
e: file:///home/yusakru/Documents/projects/sistem-analiz-ve-tasar%C4%B1m%C4%B1/timeSync/timesync_flutter/android/app/build.gradle.kts:34:29: Unresolved reference: signingConfigs

FAILURE: Build failed with an exception.

* Where:
Build file '/home/yusakru/Documents/projects/sistem-analiz-ve-tasarımı/timeSync/timesync_flutter/android/app/build.gradle.kts' line: 20

* What went wrong:
Script compilation errors:

  Line 20:         jvmTarget = JavaVersion.VERSION_17.toString()
                   ^ 'jvmTarget: String' is deprecated. Please migrate to the compilerOptions DSL. More details are here: https://kotl.in/u1r8ln

  Line 23:         minSdk = flutter.minSdkVersion
                   ^ Unresolved reference: minSdk

  Line 24:         targetSdk = flutter.targetSdkVersion
                   ^ Unresolved reference: targetSdk

  Line 25:         versionCode = flutter.versionCode
                   ^ Unresolved reference: versionCode

  Line 26:         versionName = flutter.versionName
                   ^ Unresolved reference: versionName

  Line 27:         multiDexEnabled = true
                   ^ Unresolved reference: multiDexEnabled

  Line 30:     buildTypes {
               ^ Unresolved reference: buildTypes

  Line 31:         release {
                   ^ Expression 'release' cannot be invoked as a function. The function 'invoke()' is not found

  Line 31:         release {
                   ^ Unresolved reference. None of the following candidates is applicable because of receiver type mismatch: 
                       public val NamedDomainObjectContainer<KotlinSourceSet>.release: NamedDomainObjectProvider<KotlinSourceSet> defined in org.gradle.kotlin.dsl

  Line 34:             signingConfig = signingConfigs.getByName("debug")
                       ^ Unresolved reference: signingConfig

  Line 34:             signingConfig = signingConfigs.getByName("debug")
                                       ^ Unresolved reference: signingConfigs

  Line 37: }
           ^ Unexpected symbol

  Line 39: flutter {
           ^ Unexpected symbol

  Line 39: flutter {
                   ^ Unexpected symbol

  Line 40:     source = "../.."
               ^ Unexpected symbol

  Line 40:     source = "../.."
                      ^ Unexpected symbol

  Line 40:     source = "../.."
                        ^ Unexpected symbol

  Line 40:     source = "../.."
                         ^ Unexpected symbol

  Line 40:     source = "../.."
                              ^ Unexpected symbol

  Line 41: }
           ^ Unexpected symbol

  Line 42: dependencies { coreLibraryDesugaring("com.android.tools:desugar_jdk_libs:2.0.4") }
           ^ Unexpected symbol

  Line 42: dependencies { coreLibraryDesugaring("com.android.tools:desugar_jdk_libs:2.0.4") }
                        ^ Unexpected symbol

  Line 42: dependencies { coreLibraryDesugaring("com.android.tools:desugar_jdk_libs:2.0.4") }
                          ^ Unexpected symbol

  Line 42: dependencies { coreLibraryDesugaring("com.android.tools:desugar_jdk_libs:2.0.4") }
                                               ^ Unexpected symbol

  Line 42: dependencies { coreLibraryDesugaring("com.android.tools:desugar_jdk_libs:2.0.4") }
                                                ^ Unexpected symbol

  Line 42: dependencies { coreLibraryDesugaring("com.android.tools:desugar_jdk_libs:2.0.4") }
                                                 ^ Unexpected symbol

  Line 42: dependencies { coreLibraryDesugaring("com.android.tools:desugar_jdk_libs:2.0.4") }
                                                                                         ^ Unexpected symbol

  Line 42: dependencies { coreLibraryDesugaring("com.android.tools:desugar_jdk_libs:2.0.4") }
                                                                                          ^ Unexpected symbol

  Line 42: dependencies { coreLibraryDesugaring("com.android.tools:desugar_jdk_libs:2.0.4") }
                                                                                          ^ Unexpected symbol

29 errors

* Try:
> Run with --stacktrace option to get the stack trace.
> Run with --info or --debug option to get more log output.
> Run with --scan to get full insights.
> Get more help at https://help.gradle.org.

BUILD FAILED in 4s
Running Gradle task 'assembleDebug'...                              4.7s
Error: Gradle task assembleDebug failed with exit code 1
