Launching lib/main.dart on 2412DPC0AG in debug mode...
Upgrading build.gradle.kts
Running Gradle task 'assembleDebug'...                          

FAILURE: Build failed with an exception.

* What went wrong:
Execution failed for task ':app:checkDebugAarMetadata'.
> A failure occurred while executing com.android.build.gradle.internal.tasks.CheckAarMetadataWorkAction
   > An issue was found when checking AAR metadata:

       1.  Dependency ':flutter_local_notifications' requires desugar_jdk_libs version to be
           2.1.4 or above for :app, which is currently 2.0.4

           See https://d.android.com/studio/build/library-desugaring for more
           details.

* Try:
> Run with --stacktrace option to get the stack trace.
> Run with --info or --debug option to get more log output.
> Run with --scan to get full insights.
> Get more help at https://help.gradle.org.

BUILD FAILED in 7s
Running Gradle task 'assembleDebug'...                              7.5s
Error: Gradle task assembleDebug failed with exit code 1
